mode: set
github.com/dkischenko/chat/internal/user/service.go:39.93,41.16 2 1
github.com/dkischenko/chat/internal/user/service.go:44.2,54.3 1 1
github.com/dkischenko/chat/internal/user/service.go:41.16,43.3 1 0
github.com/dkischenko/chat/internal/user/service.go:57.83,58.29 1 1
github.com/dkischenko/chat/internal/user/service.go:62.2,63.16 2 1
github.com/dkischenko/chat/internal/user/service.go:67.2,74.16 3 1
github.com/dkischenko/chat/internal/user/service.go:78.2,78.8 1 1
github.com/dkischenko/chat/internal/user/service.go:58.29,61.3 2 1
github.com/dkischenko/chat/internal/user/service.go:63.16,66.3 2 0
github.com/dkischenko/chat/internal/user/service.go:74.16,76.3 1 1
github.com/dkischenko/chat/internal/user/service.go:81.80,83.16 2 1
github.com/dkischenko/chat/internal/user/service.go:88.2,88.61 1 1
github.com/dkischenko/chat/internal/user/service.go:93.2,93.8 1 1
github.com/dkischenko/chat/internal/user/service.go:83.16,86.3 2 1
github.com/dkischenko/chat/internal/user/service.go:88.61,91.3 2 0
github.com/dkischenko/chat/internal/user/service.go:96.83,98.16 2 1
github.com/dkischenko/chat/internal/user/service.go:102.2,102.8 1 1
github.com/dkischenko/chat/internal/user/service.go:98.16,101.3 2 1
github.com/dkischenko/chat/internal/user/service.go:105.70,107.16 2 1
github.com/dkischenko/chat/internal/user/service.go:111.2,111.13 1 1
github.com/dkischenko/chat/internal/user/service.go:107.16,110.3 2 1
github.com/dkischenko/chat/internal/user/service.go:114.85,116.16 2 1
github.com/dkischenko/chat/internal/user/service.go:121.2,121.58 1 1
github.com/dkischenko/chat/internal/user/service.go:126.2,126.8 1 1
github.com/dkischenko/chat/internal/user/service.go:116.16,119.3 2 0
github.com/dkischenko/chat/internal/user/service.go:121.58,124.3 2 1
github.com/dkischenko/chat/internal/user/service.go:129.74,131.16 2 1
github.com/dkischenko/chat/internal/user/service.go:134.2,134.18 1 1
github.com/dkischenko/chat/internal/user/service.go:131.16,133.3 1 1
github.com/dkischenko/chat/internal/user/service.go:137.81,139.16 2 0
github.com/dkischenko/chat/internal/user/service.go:144.2,144.12 1 0
github.com/dkischenko/chat/internal/user/service.go:139.16,142.3 2 0
github.com/dkischenko/chat/internal/user/service.go:147.77,149.16 2 1
github.com/dkischenko/chat/internal/user/service.go:153.2,153.8 1 1
github.com/dkischenko/chat/internal/user/service.go:149.16,152.3 2 1
github.com/dkischenko/chat/internal/user/service.go:156.94,158.16 2 1
github.com/dkischenko/chat/internal/user/service.go:162.2,163.16 2 1
github.com/dkischenko/chat/internal/user/service.go:167.2,167.21 1 1
github.com/dkischenko/chat/internal/user/service.go:170.2,171.9 2 1
github.com/dkischenko/chat/internal/user/service.go:175.2,175.30 1 1
github.com/dkischenko/chat/internal/user/service.go:158.16,160.3 1 1
github.com/dkischenko/chat/internal/user/service.go:163.16,165.3 1 1
github.com/dkischenko/chat/internal/user/service.go:167.21,169.3 1 1
github.com/dkischenko/chat/internal/user/service.go:171.9,173.3 1 1
github.com/dkischenko/chat/internal/user/ws.go:12.95,13.54 1 0
github.com/dkischenko/chat/internal/user/ws.go:17.2,18.16 2 0
github.com/dkischenko/chat/internal/user/ws.go:21.2,23.60 3 0
github.com/dkischenko/chat/internal/user/ws.go:26.2,28.16 3 0
github.com/dkischenko/chat/internal/user/ws.go:31.2,31.12 1 0
github.com/dkischenko/chat/internal/user/ws.go:13.54,15.3 1 0
github.com/dkischenko/chat/internal/user/ws.go:18.16,20.3 1 0
github.com/dkischenko/chat/internal/user/ws.go:23.60,25.3 1 0
github.com/dkischenko/chat/internal/user/ws.go:28.16,30.3 1 0
github.com/dkischenko/chat/internal/user/ws.go:34.90,35.6 1 0
github.com/dkischenko/chat/internal/user/ws.go:35.6,37.58 2 0
github.com/dkischenko/chat/internal/user/ws.go:43.3,44.17 2 0
github.com/dkischenko/chat/internal/user/ws.go:48.3,50.34 3 0
github.com/dkischenko/chat/internal/user/ws.go:60.3,60.59 1 0
github.com/dkischenko/chat/internal/user/ws.go:37.58,42.4 4 0
github.com/dkischenko/chat/internal/user/ws.go:44.17,46.4 1 0
github.com/dkischenko/chat/internal/user/ws.go:50.34,51.23 1 0
github.com/dkischenko/chat/internal/user/ws.go:51.23,54.19 3 0
github.com/dkischenko/chat/internal/user/ws.go:54.19,56.6 1 0
github.com/dkischenko/chat/internal/user/ws.go:60.59,62.4 1 0
github.com/dkischenko/chat/internal/user/ws.go:66.51,70.2 3 0
github.com/dkischenko/chat/internal/user/ws.go:72.54,76.2 3 0
github.com/dkischenko/chat/internal/user/handler.go:33.87,39.2 1 1
github.com/dkischenko/chat/internal/user/handler.go:41.50,50.2 8 1
github.com/dkischenko/chat/internal/user/handler.go:52.69,54.14 2 1
github.com/dkischenko/chat/internal/user/handler.go:59.2,62.16 3 1
github.com/dkischenko/chat/internal/user/handler.go:68.2,70.39 2 1
github.com/dkischenko/chat/internal/user/handler.go:86.2,87.16 2 1
github.com/dkischenko/chat/internal/user/handler.go:93.2,100.64 4 1
github.com/dkischenko/chat/internal/user/handler.go:107.2,107.47 1 1
github.com/dkischenko/chat/internal/user/handler.go:54.14,57.3 2 1
github.com/dkischenko/chat/internal/user/handler.go:62.16,66.3 3 1
github.com/dkischenko/chat/internal/user/handler.go:70.39,76.65 3 1
github.com/dkischenko/chat/internal/user/handler.go:80.3,82.9 3 1
github.com/dkischenko/chat/internal/user/handler.go:76.65,79.4 2 0
github.com/dkischenko/chat/internal/user/handler.go:87.16,91.3 3 0
github.com/dkischenko/chat/internal/user/handler.go:100.64,104.3 3 0
github.com/dkischenko/chat/internal/user/handler.go:110.68,112.14 2 1
github.com/dkischenko/chat/internal/user/handler.go:117.2,120.16 3 1
github.com/dkischenko/chat/internal/user/handler.go:126.2,128.39 2 1
github.com/dkischenko/chat/internal/user/handler.go:143.2,144.16 2 1
github.com/dkischenko/chat/internal/user/handler.go:147.2,148.16 2 1
github.com/dkischenko/chat/internal/user/handler.go:152.2,155.16 3 1
github.com/dkischenko/chat/internal/user/handler.go:159.2,165.64 5 1
github.com/dkischenko/chat/internal/user/handler.go:172.2,172.52 1 1
github.com/dkischenko/chat/internal/user/handler.go:112.14,115.3 2 1
github.com/dkischenko/chat/internal/user/handler.go:120.16,124.3 3 1
github.com/dkischenko/chat/internal/user/handler.go:128.39,134.65 3 1
github.com/dkischenko/chat/internal/user/handler.go:137.3,138.9 2 1
github.com/dkischenko/chat/internal/user/handler.go:134.65,136.4 1 0
github.com/dkischenko/chat/internal/user/handler.go:144.16,146.3 1 0
github.com/dkischenko/chat/internal/user/handler.go:148.16,150.3 1 0
github.com/dkischenko/chat/internal/user/handler.go:155.16,157.3 1 1
github.com/dkischenko/chat/internal/user/handler.go:165.64,169.3 3 0
github.com/dkischenko/chat/internal/user/handler.go:175.69,177.14 2 1
github.com/dkischenko/chat/internal/user/handler.go:182.2,183.16 2 1
github.com/dkischenko/chat/internal/user/handler.go:188.2,192.64 2 1
github.com/dkischenko/chat/internal/user/handler.go:177.14,180.3 2 1
github.com/dkischenko/chat/internal/user/handler.go:183.16,187.3 3 1
github.com/dkischenko/chat/internal/user/handler.go:192.64,196.3 3 0
github.com/dkischenko/chat/internal/user/handler.go:199.68,201.24 2 1
github.com/dkischenko/chat/internal/user/handler.go:206.2,207.30 2 1
github.com/dkischenko/chat/internal/user/handler.go:213.2,214.16 2 1
github.com/dkischenko/chat/internal/user/handler.go:220.2,221.16 2 1
github.com/dkischenko/chat/internal/user/handler.go:201.24,204.3 2 1
github.com/dkischenko/chat/internal/user/handler.go:207.30,211.3 3 1
github.com/dkischenko/chat/internal/user/handler.go:214.16,218.3 3 0
github.com/dkischenko/chat/internal/user/handler.go:221.16,225.3 3 0
github.com/dkischenko/chat/internal/user/handler.go:228.45,229.23 1 1
github.com/dkischenko/chat/internal/user/handler.go:233.2,233.10 1 1
github.com/dkischenko/chat/internal/user/handler.go:229.23,232.3 2 1
github.com/dkischenko/chat/internal/user/handler.go:236.46,237.24 1 1
github.com/dkischenko/chat/internal/user/handler.go:241.2,241.10 1 1
github.com/dkischenko/chat/internal/user/handler.go:237.24,240.3 2 1
